{"type":"server-started","port":51686,"host":"127.0.0.1","url_host":"localhost","url":"http://localhost:51686","screen_dir":"/Users/talgatsayat/Desktop/наоалтынсарин/.superpowers/brainstorm/28542-1773850104"}
{"type":"screen-added","file":"/Users/talgatsayat/Desktop/наоалтынсарин/.superpowers/brainstorm/28542-1773850104/scope.html"}
{"source":"user-event","type":"click","text":"A\n    \n      Публичный сайт (лендинг)\n      Страница о поступлении в стиле uba.edu.kz — описание процесса, контакты, кнопка «Подать заявку»","choice":"public","id":null,"timestamp":1773850326116}
{"source":"user-event","type":"click","text":"B\n    \n      Портал для родителей\n      Регистрация / вход → многошаговая форма заявки → загрузка документов → отслеживание статуса","choice":"parent-portal","id":null,"timestamp":1773850337405}
{"source":"user-event","type":"click","text":"C\n    \n      Админ-панель\n      Просмотр всех заявок, скачивание документов, смена статуса (на рассмотрении / принят / отказ)","choice":"admin","id":null,"timestamp":1773850338920}
{"source":"user-event","type":"click","text":"D\n    \n      Email-уведомления\n      Автоматические письма родителям при смене статуса заявки","choice":"notifications","id":null,"timestamp":1773850340240}
{"type":"screen-added","file":"/Users/talgatsayat/Desktop/наоалтынсарин/.superpowers/brainstorm/28542-1773850104/waiting-1.html"}
{"type":"screen-added","file":"/Users/talgatsayat/Desktop/наоалтынсарин/.superpowers/brainstorm/28542-1773850104/documents.html"}
{"source":"user-event","type":"click","text":"A\n    \n      Свидетельство о рождении ребёнка\n      Скан/фото в PDF или JPG","choice":"birth_cert","id":null,"timestamp":1773850535388}
{"source":"user-event","type":"click","text":"B\n    \n      Фотография ребёнка\n      Портретное фото (JPG/PNG)","choice":"photo","id":null,"timestamp":1773850536838}
{"source":"user-event","type":"click","text":"C\n    \n      Медицинская справка (063/у или 026/у)\n      Медкарта школьника","choice":"medical","id":null,"timestamp":1773850540708}
{"source":"user-event","type":"click","text":"D\n    \n      Табель / выписка из предыдущей школы\n      Для переводящихся учеников (PDF)","choice":"school_record","id":null,"timestamp":1773850543693}
{"type":"screen-added","file":"/Users/talgatsayat/Desktop/наоалтынсарин/.superpowers/brainstorm/28542-1773850104/form-steps.html"}
{"type":"screen-added","file":"/Users/talgatsayat/Desktop/наоалтынсарин/.superpowers/brainstorm/28542-1773850104/waiting-2.html"}
{"type":"screen-added","file":"/Users/talgatsayat/Desktop/наоалтынсарин/.superpowers/brainstorm/28542-1773850104/app-types.html"}
{"source":"user-event","type":"click","text":"A\n    \n      Запись на курсы / повышение квалификации\n      Учителя и педагогические работники записываются на обучение","choice":"courses","id":null,"timestamp":1773851127516}
{"source":"user-event","type":"click","text":"B\n    \n      Трудоустройство / вакансии\n      Подача резюме и документов на открытые должности","choice":"jobs","id":null,"timestamp":1773851129679}
{"source":"user-event","type":"click","text":"C\n    \n      Участие в научных проектах / конкурсах\n      Заявки исследователей на гранты, конкурсы, программы","choice":"research","id":null,"timestamp":1773851130419}
{"source":"user-event","type":"click","text":"D\n    \n      Стажировка\n      Молодые специалисты подают заявку на прохождение стажировки","choice":"internship","id":null,"timestamp":1773851131352}
{"type":"screen-added","file":"/Users/talgatsayat/Desktop/наоалтынсарин/.superpowers/brainstorm/28542-1773850104/docs-by-type.html"}
{"source":"user-event","type":"click","text":"A\n    \n      Удостоверение личности / паспорт\n      Для всех типов заявок","choice":"id","id":null,"timestamp":1773851217317}
{"source":"user-event","type":"click","text":"B\n    \n      Диплом об образовании\n      Высшее или среднее специальное образование","choice":"diploma","id":null,"timestamp":1773851218041}
{"source":"user-event","type":"click","text":"C\n    \n      Резюме / CV\n      Для вакансий, стажировки, научных проектов","choice":"cv","id":null,"timestamp":1773851219207}
{"source":"user-event","type":"click","text":"D\n    \n      Сертификаты / свидетельства\n      Подтверждение квалификации, награды","choice":"certificate","id":null,"timestamp":1773851220300}
{"source":"user-event","type":"click","text":"E\n    \n      Трудовая книжка / стаж\n      Для вакансий и курсов повышения квалификации","choice":"workbook","id":null,"timestamp":1773851221096}
{"source":"user-event","type":"click","text":"F\n    \n      Фото 3×4\n      Портретная фотография","choice":"photo","id":null,"timestamp":1773851221796}
{"type":"screen-added","file":"/Users/talgatsayat/Desktop/наоалтынсарин/.superpowers/brainstorm/28542-1773850104/approaches.html"}
{"source":"user-event","type":"click","text":"Next.js\n        +\n        PostgreSQL\n        +\n        Файлы локально\n      \n      \n        ✅ Один проект — и сайт, и API, и база\n        ✅ Быстро развернуть, легко расширять\n        ✅ Подходит для тестовой и боевой версии\n        ⚡ 3 языка через next-intl\n        📁 Файлы хранятся на сервере (позже → S3)\n      \n    \n    \n      A — Next.js монолит ⭐ Рекомендую\n      Современный фреймворк, всё в одном проекте. Лучший выбор для MVP и дальнейшего роста.","choice":"A","id":null,"timestamp":1773851395355}
{"source":"user-event","type":"click","text":"React\n        +\n        FastAPI (Python)\n        +\n        PostgreSQL\n      \n      \n        ✅ Отдельный бэкенд — легче интегрировать с uba.edu.kz\n        ✅ Python удобен если есть Python-разработчики\n        ⚠️ Два отдельных сервиса — сложнее деплой\n        ⚠️ Дольше настраивать\n      \n    \n    \n      B — React + FastAPI (раздельный)\n      Фронтенд и бэкенд отдельно. Хорошо если команда на Python.","choice":"B","id":null,"timestamp":1773851395912}
{"source":"user-event","type":"click","text":"PHP / Laravel\n        +\n        MySQL\n      \n      \n        ✅ Легко хостить на любом дешёвом сервере\n        ✅ Многие казахстанские сайты на PHP\n        ⚠️ Устаревший подход\n        ⚠️ Хуже для 3-языкового интерфейса\n      \n    \n    \n      C — Laravel + MySQL (классика)\n      Традиционный подход, простой хостинг на shared-сервере.","choice":"C","id":null,"timestamp":1773851396649}
{"source":"user-event","type":"click","text":"React\n        +\n        FastAPI (Python)\n        +\n        PostgreSQL\n      \n      \n        ✅ Отдельный бэкенд — легче интегрировать с uba.edu.kz\n        ✅ Python удобен если есть Python-разработчики\n        ⚠️ Два отдельных сервиса — сложнее деплой\n        ⚠️ Дольше настраивать\n      \n    \n    \n      B — React + FastAPI (раздельный)\n      Фронтенд и бэкенд отдельно. Хорошо если команда на Python.","choice":"B","id":null,"timestamp":1773851397288}
{"type":"screen-added","file":"/Users/talgatsayat/Desktop/наоалтынсарин/.superpowers/brainstorm/28542-1773850104/architecture.html"}
{"type":"screen-added","file":"/Users/talgatsayat/Desktop/наоалтынсарин/.superpowers/brainstorm/28542-1773850104/ui-mockup.html"}
{"type":"server-stopped","reason":"idle timeout"}
